mode: set
projeto-golang/internal/domain/campaign/campaign.go:30.76,31.19 1 1
projeto-golang/internal/domain/campaign/campaign.go:31.19,33.3 1 1
projeto-golang/internal/domain/campaign/campaign.go:34.2,34.22 1 1
projeto-golang/internal/domain/campaign/campaign.go:34.22,36.3 1 1
projeto-golang/internal/domain/campaign/campaign.go:38.2,39.35 2 1
projeto-golang/internal/domain/campaign/campaign.go:39.35,41.3 1 1
projeto-golang/internal/domain/campaign/campaign.go:43.2,53.16 3 1
projeto-golang/internal/domain/campaign/campaign.go:53.16,55.3 1 1
projeto-golang/internal/domain/campaign/campaign.go:56.2,56.17 1 1
projeto-golang/internal/domain/campaign/campaign.go:59.34,60.25 1 1
projeto-golang/internal/domain/campaign/campaign.go:60.25,62.3 1 0
projeto-golang/internal/domain/campaign/campaign.go:63.2,64.12 2 1
projeto-golang/internal/domain/campaign/campaign.go:67.37,68.25 1 1
projeto-golang/internal/domain/campaign/campaign.go:68.25,70.3 1 0
projeto-golang/internal/domain/campaign/campaign.go:71.2,72.12 2 1
projeto-golang/internal/domain/campaign/service.go:17.79,20.16 2 1
projeto-golang/internal/domain/campaign/service.go:20.16,22.3 1 1
projeto-golang/internal/domain/campaign/service.go:24.2,25.16 2 1
projeto-golang/internal/domain/campaign/service.go:25.16,27.3 1 1
projeto-golang/internal/domain/campaign/service.go:29.2,29.25 1 1
projeto-golang/internal/domain/campaign/service.go:32.74,34.16 2 1
projeto-golang/internal/domain/campaign/service.go:34.16,36.3 1 1
projeto-golang/internal/domain/campaign/service.go:37.2,42.8 1 1
